us: headache tracker → 0 hits
ca: headache tracker → 0 hits
mx: diario migraña → 0 hits
br: diário enxaqueca → 0 hits
ar: headache tracker → 0 hits
bo: headache tracker → 0 hits
cl: headache tracker → 0 hits
co: headache tracker → 0 hits
cr: ERROR HTTP Error 500: Internal Server Error
do: headache tracker → 0 hits
ec: headache tracker → 0 hits
sv: headache tracker → 0 hits
gt: ERROR HTTP Error 500: Internal Server Error
hn: ERROR timed out
pa: headache tracker → 0 hits
py: headache tracker → 0 hits
pe: headache tracker → 0 hits
gb: headache tracker → 5 hits
de: ERROR timed out
fr: journal migraine → 0 hits
es: ERROR HTTP Error 500: Internal Server Error
it: diario emicrania → 0 hits
nl: hoofdpijn dagboek → 0 hits
at: headache tracker → 0 hits
be: headache tracker → 0 hits
ch: headache tracker → 0 hits
se: ERROR HTTP Error 500: Internal Server Error
no: headache tracker → 0 hits
dk: headache tracker → 0 hits
fi: headache tracker → 0 hits
pl: dziennik migreny → 0 hits
pt: headache tracker → 0 hits
ie: headache tracker → 0 hits
ru: дневник мигрени → 0 hits
ua: headache tracker → 0 hits
cz: headache tracker → 0 hits
sk: headache tracker → 0 hits
hu: headache tracker → 0 hits
ro: headache tracker → 0 hits
gr: headache tracker → 0 hits
hr: headache tracker → 0 hits
bg: headache tracker → 0 hits
si: headache tracker → 0 hits
ee: headache tracker → 0 hits
lv: headache tracker → 0 hits
lu: headache tracker → 0 hits
is: headache tracker → 0 hits
cy: headache tracker → 0 hits
tr: migren günlüğü → 0 hits
az: headache tracker → 0 hits
kz: headache tracker → 0 hits
kg: headache tracker → 0 hits
uz: headache tracker → 0 hits
al: headache tracker → 0 hits
au: headache tracker → 0 hits
nz: headache tracker → 0 hits
jp: 頭痛 記録 → 0 hits
kr: 두통 일기 → 0 hits
cn: 头痛 记录 → 0 hits
hk: headache tracker → 0 hits
tw: 頭痛 日記 → 0 hits
mo: headache tracker → 0 hits
sg: headache tracker → 0 hits
my: headache tracker → 0 hits
th: บันทึกปวดหัว → 0 hits
vn: headache tracker → 0 hits
id: pelacak sakit kepala → 0 hits
ph: headache tracker → 0 hits
in: headache diary → 0 hits
kh: headache tracker → 0 hits
mn: headache tracker → 0 hits
np: headache tracker → 0 hits
lk: headache tracker → 0 hits
sa: متتبع الصداع → 0 hits
ae: headache tracker → 0 hits
eg: headache tracker → 0 hits
il: headache tracker → 0 hits
jo: headache tracker → 0 hits
kw: headache tracker → 0 hits
lb: headache tracker → 0 hits
om: headache tracker → 0 hits
qa: headache tracker → 0 hits
bh: headache tracker → 0 hits
iq: headache tracker → 0 hits
ma: headache tracker → 0 hits
dz: headache tracker → 0 hits
gh: headache tracker → 0 hits
ke: headache tracker → 0 hits
za: headache tracker → 0 hits
pk: headache tracker → 0 hits
am: headache tracker → 0 hits
Wrote /Users/jackwallner/sports/scripts/astro-competitor-research.json
